<?xml version="1.0" encoding="UTF-8"?>
<!-- Generated by org.testng.reporters.JUnitReportReporter -->
<testsuite hostname="DESKTOP-1TEHGD1" failures="0" tests="4" name="org.session.com.TestNGDataProvider" time="27.008" errors="0" timestamp="2024-10-06T11:32:20 IST" skipped="0">
  <testcase classname="org.session.com.TestNGDataProvider" name="TestLogin" time="5.078"/>
  <system-out/>
  <testcase classname="org.session.com.TestNGDataProvider" name="TestLogin" time="5.208"/>
  <system-out/>
  <testcase classname="org.session.com.TestNGDataProvider" name="TestLogin" time="6.305"/>
  <system-out/>
  <testcase classname="org.session.com.TestNGDataProvider" name="TestLogin" time="10.417"/>
  <system-out/>
</testsuite> <!-- org.session.com.TestNGDataProvider -->
