<?xml version="1.0" encoding="UTF-8"?>
<!-- Generated by org.testng.reporters.JUnitReportReporter -->
<testsuite hostname="DESKTOP-1TEHGD1" failures="0" tests="3" name="org.session.com.TestNGPrior" time="0.009" errors="0" timestamp="2024-10-05T10:53:21 IST" skipped="0">
  <testcase classname="org.session.com.TestNGPrior" name="C" time="0.007"/>
  <system-out/>
  <testcase classname="org.session.com.TestNGPrior" name="B" time="0.001"/>
  <system-out/>
  <testcase classname="org.session.com.TestNGPrior" name="A" time="0.001"/>
  <system-out/>
</testsuite> <!-- org.session.com.TestNGPrior -->
