<?xml version="1.0" encoding="UTF-8"?>
<!-- Generated by org.testng.reporters.JUnitReportReporter -->
<testsuite hostname="DESKTOP-1TEHGD1" failures="0" tests="2" name="org.session.com.TestNGParaCls" time="0.010" errors="0" timestamp="2024-10-06T09:58:25 IST" skipped="0">
  <testcase classname="org.session.com.TestNGParaCls" name="add" time="0.009"/>
  <system-out/>
  <testcase classname="org.session.com.TestNGParaCls" name="sub" time="0.001"/>
  <system-out/>
</testsuite> <!-- org.session.com.TestNGParaCls -->
