<?xml version="1.0" encoding="UTF-8"?>
<!-- Generated by org.testng.reporters.JUnitReportReporter -->
<testsuite hostname="DESKTOP-1TEHGD1" failures="0" tests="2" name="org.session.com.TestNGPractical" time="0.348" errors="0" timestamp="2024-10-06T10:54:51 IST" skipped="0">
  <testcase classname="org.session.com.TestNGPractical" name="test2" time="0.331"/>
  <system-out/>
  <testcase classname="org.session.com.TestNGPractical" name="test1" time="0.017"/>
  <system-out/>
</testsuite> <!-- org.session.com.TestNGPractical -->
