<?xml version="1.0" encoding="UTF-8"?>
<!-- Generated by org.testng.reporters.JUnitReportReporter -->
<testsuite hostname="DESKTOP-1TEHGD1" failures="0" tests="3" name="org.session.com.TestNGAnnotation" time="0.007" errors="0" timestamp="2024-10-05T11:42:54 IST" skipped="0">
  <testcase classname="org.session.com.TestNGAnnotation" name="A" time="0.005"/>
  <system-out/>
  <testcase classname="org.session.com.TestNGAnnotation" name="C" time="0.001"/>
  <system-out/>
  <testcase classname="org.session.com.TestNGAnnotation" name="B" time="0.001"/>
  <system-out/>
</testsuite> <!-- org.session.com.TestNGAnnotation -->
