<?xml version="1.0" encoding="UTF-8"?>
<!-- Generated by org.testng.reporters.JUnitReportReporter -->
<testsuite hostname="DESKTOP-1TEHGD1" failures="0" tests="1" name="org.session.com.TestNG2" time="0.002" errors="0" timestamp="2024-10-01T17:37:26 IST" skipped="0">
  <testcase classname="org.session.com.TestNG2" name="F" time="0.002"/>
  <system-out/>
</testsuite> <!-- org.session.com.TestNG2 -->
