<?xml version="1.0" encoding="UTF-8"?>
<!-- Generated by org.testng.reporters.JUnitReportReporter -->
<testsuite hostname="DESKTOP-1TEHGD1" failures="0" tests="2" name="org.session.com.TestNGT" time="0.008" errors="0" timestamp="2024-10-01T17:37:26 IST" skipped="0">
  <testcase classname="org.session.com.TestNGT" name="C" time="0.001"/>
  <system-out/>
  <testcase classname="org.session.com.TestNGT" name="A" time="0.007"/>
  <system-out/>
</testsuite> <!-- org.session.com.TestNGT -->
